Arguments: 
  C:\Program Files\nodejs\node.exe C:\Users\Kamal Ud Din\AppData\Roaming\npm\node_modules\yarn\bin\yarn.js install

PATH: 
  C:\Python310\Scripts\;C:\Python310\;C:\Windows\system32;C:\Windows;C:\Windows\System32\Wbem;C:\Windows\System32\WindowsPowerShell\v1.0\;C:\Windows\System32\OpenSSH\;C:\Program Files\Git\cmd;C:\ProgramData\chocolatey\bin;C:\Program Files\OpenJDK\openjdk-11.0.15_10\bin;C:\Program Files\nodejs\;C:\Users\Kamal Ud Din\AppData\Local\Microsoft\WindowsApps;C:\Users\Kamal Ud Din\AppData\Local\Programs\Microsoft VS Code\bin;C:\Users\Kamal Ud Din\AppData\Local\Android\Sdk\platform-tools;C:\Users\Kamal Ud Din\AppData\Local\Android\Sdk\tools;C:\Users\Kamal Ud Din\AppData\Local\Android\Sdk\tools\bin;C:\Users\Kamal Ud Din\AppData\Roaming\npm

Yarn version: 
  1.22.19

Node version: 
  16.16.0

Platform: 
  win32 x64

Trace: 
  Error: getaddrinfo ENOTFOUND registry.yarnpkg.com
      at GetAddrInfoReqWrap.onlookup [as oncomplete] (node:dns:71:26)

npm manifest: 
  {
    "name": "chatapp",
    "version": "1.0.0",
    "main": "node_modules/expo/AppEntry.js",
    "scripts": {
      "start": "expo start",
      "android": "expo start --android",
      "ios": "expo start --ios",
      "web": "expo start --web",
      "eject": "expo eject"
    },
    "dependencies": {
      "@expo/vector-icons": "^13.0.0",
      "@react-native-community/masked-view": "^0.1.11",
      "@react-navigation/bottom-tabs": "^6.5.7",
      "@react-navigation/native": "^6.0.6",
      "@react-navigation/native-stack": "^6.9.12",
      "@react-navigation/stack": "^6.0.11",
      "dotenv": "^11.0.0",
      "expo": "^48.0.0",
      "expo-constants": "~14.2.1",
      "expo-image-picker": "~14.1.1",
      "expo-status-bar": "~1.4.4",
      "firebase": "^9.9.3",
      "react": "18.2.0",
      "react-dom": "18.2.0",
      "react-hook-form": "^7.43.5",
      "react-native": "0.71.3",
      "react-native-datepicker": "^1.7.2",
      "react-native-document-picker": "^8.1.3",
      "react-native-gesture-handler": "~2.9.0",
      "react-native-gifted-chat": "^0.16.3",
      "react-native-safe-area-context": "4.5.0",
      "react-native-screens": "~3.20.0",
      "react-native-web": "~0.18.11"
    },
    "devDependencies": {
      "@babel/core": "^7.20.0"
    },
    "private": true
  }

yarn manifest: 
  No manifest

Lockfile: 
  No lockfile
